unimp
trap
ebreak
ecall
fence
fence.i
fence_tso
add_uw
clmul
clmulh
clmulr
clz
clzw
ctz
ctzw
orc_b
rev8
rev_b
minu
maxu
min
max
pack
packh
packw
zext_h
cpop
cpopw
rol
rolw
ror
rorw
rori
roriw
bclr
bclri
bexti
binv
binvi
bset
bseti
sext_b
sext_h
unzip
zip
xperm_b
xperm_n
insb
maxw
mulr64
pkbb16
pkbt16
sub64
swap8
wexti
wfi
sfence.vm
sfence.vma
sfence.w.inval
sfence.inval.ir
hfence.vvma
hfence.gvma
vaadd_vv
vaadd_vx
vaaddu_vv
vaaddu_vx
vadc_vim
vadc_vvm
vadc_vxm
vadd_vi
vadd_vv
vadd_vx
vamoaddei16_v
vamoaddei32_v
vamoaddei64_v
vamoaddei8_v
vamoandei16_v
vamoandei32_v
vamoandei64_v
vamoandei8_v
vamomaxei16_v
vamomaxei32_v
vamomaxei64_v
vamomaxei8_v
vamomaxuei16_v
vamomaxuei32_v
vamomaxuei64_v
vamomaxuei8_v
vamominei16_v
vamominei32_v
vamominei64_v
vamominei8_v
vamominuei16_v
vamominuei32_v
vamominuei64_v
vamominuei8_v
vamoorei16_v
vamoorei32_v
vamoorei64_v
vamoorei8_v
vamoswapei16_v
vamoswapei32_v
vamoswapei64_v
vamoswapei8_v
vamoxorei16_v
vamoxorei32_v
vamoxorei64_v
vamoxorei8_v
vand_vi
vand_vv
vand_vx
vasub_vv
vasub_vx
vasubu_vv
vasubu_vx
vcompress_vm
vdiv_vv
vdiv_vx
vdivu_vv
vdivu_vx
vdot_vv
vdotu_vv
vfadd_vf
vfadd_vv
vfclass_v
vfcvt_fxv
vfcvt_fxuv
vfcvt_rtzxfv
vfcvt_rtzxufv
vfcvt_xfv
vfcvt_xufv
vfdiv_vf
vfdiv_vv
vfdot_vv
vfirst_m
vfmacc_vf
vfmacc_vv
vfmadd_vf
vfmadd_vv
vfmax_vf
vfmax_vv
vfmerge_vfm
vfmin_vf
vfmin_vv
vfmsac_vf
vfmsac_vv
vfmsub_vf
vfmsub_vv
vfmul_vf
vfmul_vv
vfmv_fs
vfmv_sf
vfmv_vf
vfncvt_ffw
vfncvt_fxw
vfncvt_fxuw
vfncvt_rod_ffw
vfncvt_rtz_xfw
vfncvt_rtz_xufw
vfncvt_xfw
vfncvt_xufw
vfnmacc_vf
vfnmacc_vv
vfnmadd_vf
vfnmadd_vv
vfnmsac_vf
vfnmsac_vv
vfnmsub_vf
vfnmsub_vv
vfrdiv_vf
vfredmax_vs
vfredmin_vs
vfredosum_vs
vfredusum_vs
vfrsub_vf
vfsgnj_vf
vfsgnj_vv
vfsgnjn_vf
vfsgnjn_vv
vfneg_vv
vfsgnjx_vf
vfsgnjx_vv
vfslide1down_vf
vfslide1up_vf
vfsqrt_v
vfsqrt7_v
vfrec7_v
vfsub_vf
vfsub_vv
vfwadd_vf
vfwadd_vv
vfwadd_wf
vfwadd_wv
vfwcvt_f_f_v
vfwcvt_f_x_v
vfwcvt_f_xu_v
vfwcvt_rtz_x_f_v
vfwcvt_rtz_xu_f_v
vfwcvt_x_f_v
vfwcvt_xu_f_v
vfwmacc_vf
vfwmacc_vv
vfwmsac_vf
vfwmsac_vv
vfwmul_vf
vfwmul_vv
vfwnmacc_vf
vfwnmacc_vv
vfwnmsac_vf
vfwnmsac_vv
vfwredosum_vs
vfwredusum_vs
vfwsub_vf
vfwsub_vv
vfwsub_wf
vfwsub_wv
vid_v
viota_m
vl1re16_v
vl1re32_v
vl1re64_v
vl1r_v
vl2re16_v
vl2re32_v
vl2re64_v
vl2r_v
vl4re16_v
vl4re32_v
vl4re64_v
vl4r_v
vl8re16_v
vl8re32_v
vl8re64_v
vl8r_v
vle1024_v
vlseg2e1024_v
vlseg3e1024_v
vlseg4e1024_v
vlseg5e1024_v
vlseg6e1024_v
vlseg7e1024_v
vlseg8e1024_v
vle1024ff_v
vle128_v
vlseg2e128_v
vlseg3e128_v
vlseg4e128_v
vlseg5e128_v
vlseg6e128_v
vlseg7e128_v
vlseg8e128_v
vle128ff_v
vle16_v
vlseg2e16_v
vlseg3e16_v
vlseg4e16_v
vlseg5e16_v
vlseg6e16_v
vlseg7e16_v
vlseg8e16_v
vle16ff_v
vlseg2e16ff_v
vlseg3e16ff_v
vlseg4e16ff_v
vlseg5e16ff_v
vlseg6e16ff_v
vlseg7e16ff_v
vlseg8e16ff_v
vle256_v
vlseg2e256_v
vlseg3e256_v
vlseg4e256_v
vlseg5e256_v
vlseg6e256_v
vlseg7e256_v
vlseg8e256_v
vle256ff_v
vlseg2e256ff_v
vlseg3e256ff_v
vlseg4e256ff_v
vlseg5e256ff_v
vlseg6e256ff_v
vlseg7e256ff_v
vlseg8e256ff_v
vle32_v
vlseg2e32_v
vlseg3e32_v
vlseg4e32_v
vlseg5e32_v
vlseg6e32_v
vlseg7e32_v
vlseg8e32_v
vle32ff_v
vlseq2e32ff_v
vlseq3e32ff_v
vlseq4e32ff_v
vlseq5e32ff_v
vlseq6e32ff_v
vlseq7e32ff_v
vlseq8e32ff_v
vle512_v
vlseg2e512_v
vlseg3e512_v
vlseg4e512_v
vlseg5e512_v
vlseg6e512_v
vlseg7e512_v
vlseg8e512_v
vle512ff_v
vlseg2e512ff_v
vlseg3e512ff_v
vlseg4e512ff_v
vlseg5e512ff_v
vlseg6e512ff_v
vlseg7e512ff_v
vlseg8e512ff_v
vle64_v
vlseg2e64_v
vlseg3e64_v
vlseg4e64_v
vlseg5e64_v
vlseg6e64_v
vlseg7e64_v
vlseg8e64_v
vle64ff_v
vlseg2e64ff_v
vlseg3e64ff_v
vlseg4e64ff_v
vlseg5e64ff_v
vlseg6e64ff_v
vlseg7e64ff_v
vlseg8e64ff_v
vle8_v
vlseg2e8_v
vlseg3e8_v
vlseg4e8_v
vlseg5e8_v
vlseg6e8_v
vlseg7e8_v
vlseg8e8_v
vlm8_v
vloxei8_v
vloxseg2ei8_v
vloxseg3ei8_v
vloxseg4ei8_v
vloxseg5ei8_v
vloxseg6ei8_v
vloxseg7ei8_v
vloxseg8ei8_v
vloxei16_v
vloxseg2ei16_v
vloxseg3ei16_v
vloxseg4ei16_v
vloxseg5ei16_v
vloxseg6ei16_v
vloxseg7ei16_v
vloxseg8ei16_v
vloxei32_v
vloxseg2ei32_v
vloxseg3ei32_v
vloxseg4ei32_v
vloxseg5ei32_v
vloxseg6ei32_v
vloxseg7ei32_v
vloxseg8ei32_v
vloxei64_v
vloxseg2ei64_v
vloxseg3ei64_v
vloxseg4ei64_v
vloxseg5ei64_v
vloxseg6ei64_v
vloxseg7ei64_v
vloxseg8ei64_v
vluxei8_v
vluxseg2ei8_v
vluxseg3ei8_v
vluxseg4ei8_v
vluxseg5ei8_v
vluxseg6ei8_v
vluxseg7ei8_v
vluxseg8ei8_v
vluxei16_v
vluxseg2ei16_v
vluxseg3ei16_v
vluxseg4ei16_v
vluxseg5ei16_v
vluxseg6ei16_v
vluxseg7ei16_v
vluxseg8ei16_v
vluxei32_v
vluxseg2ei32_v
vluxseg3ei32_v
vluxseg4ei32_v
vluxseg5ei32_v
vluxseg6ei32_v
vluxseg7ei32_v
vluxseg8ei32_v
vluxei64_v
vluxseg2ei64_v
vluxseg3ei64_v
vluxseg4ei64_v
vluxseg5ei64_v
vluxseg6ei64_v
vluxseg7ei64_v
vluxseg8ei64_v
vle8ff_v
vlseg2e8ff_v
vlseg3e8ff_v
vlseg4e8ff_v
vlseg5e8ff_v
vlseg6e8ff_v
vlseg7e8ff_v
vlseg8e8ff_v
vlse1024_v
vlsseg2e1024_v
vlsseg3e1024_v
vlsseg4e1024_v
vlsseg5e1024_v
vlsseg6e1024_v
vlsseg7e1024_v
vlsseg8e1024_v
vlse128_v
vlsseg2e128_v
vlsseg3e128_v
vlsseg4e128_v
vlsseg5e128_v
vlsseg6e128_v
vlsseg7e128_v
vlsseg8e128_v
vlse16_v
vlsseg2e16_v
vlsseg3e16_v
vlsseg4e16_v
vlsseg5e16_v
vlsseg6e16_v
vlsseg7e16_v
vlsseg8e16_v
vlse256_v
vlsseg2e256_v
vlsseg3e256_v
vlsseg4e256_v
vlsseg5e256_v
vlsseg6e256_v
vlsseg7e256_v
vlsseg8e256_v
vlse32_v
vlsseg2e32_v
vlsseg3e32_v
vlsseg4e32_v
vlsseg5e32_v
vlsseg6e32_v
vlsseg7e32_v
vlsseg8e32_v
vlse512_v
vlsseg2e512_v
vlsseg3e512_v
vlsseg4e512_v
vlsseg5e512_v
vlsseg6e512_v
vlsseg7e512_v
vlsseg8e512_v
vlse64_v
vlsseg2e64_v
vlsseg3e64_v
vlsseg4e64_v
vlsseg5e64_v
vlsseg6e64_v
vlsseg7e64_v
vlsseg8e64_v
vlse8_v
vlseg2se8_v
vlseg3se8_v
vlseg4se8_v
vlseg5se8_v
vlseg6se8_v
vlseg7se8_v
vlseg8se8_v
vlxei1024_v
vlxei128_v
vlxei16_v
vlxei256_v
vlxei32_v
vlxei512_v
vlxei64_v
vlxei8_v
vmacc_vv
vmacc_vx
vmadc_vim
vmadc_vv
vmadc_vvm
vmadc_vx
vmadc_vxm
vmadd_vv
vmadd_vx
vmand_mm
vmandn_mm
vmax_vv
vmax_vx
vmaxu_vv
vmaxu_vx
vmerge_vim
vmerge_vvm
vmerge_vxm
vmfeq_vf
vmfeq_vv
vmfge_vf
vmfgt_vf
vmfle_vf
vmfle_vv
vmflt_vf
vmflt_vv
vmfne_vf
vmfne_vv
vmin_vv
vmin_vx
vminu_vv
vminu_vx
vmnand_mm
vmnor_mm
vmor_mm
vmorn_mm
vmsbc_vvm
vmsbc_vv
vmsbc_vx
vmsbc_vxm
vmsbf_m
vmseq_vi
vmseq_vv
vmseq_vx
vmsgt_vi
vmsgt_vx
vmsgtu_vi
vmsgtu_vx
vmsif_m
vmsle_vi
vmsle_vv
vmsle_vx
vmsleu_vi
vmsleu_vv
vmsleu_vx
vmslt_vv
vmslt_vx
vmsltu_vv
vmsltu_vx
vmsne_vi
vmsne_vv
vmsne_vx
vmsof_m
vmul_vv
vmul_vx
vmulh_vv
vmulh_vx
vmulhsu_vv
vmulhsu_vx
vmulhu_vv
vmulhu_vx
vmv_s_x
vmv_v_i
vmv_v_v
vmv_v_x
vmv_x_s
vmv1r_v
vmv2r_v
vmv4r_v
vmv8r_v
vmxnor_mm
vmxor_mm
vnclip_wi
vnclip_wv
vnclip_wx
vnclipu_wi
vnclipu_wv
vnclipu_wx
vnmsac_vv
vnmsac_vx
vnmsub_vv
vnmsub_vx
vnsra_wi
vnsra_wv
vnsra_wx
vnsrl_wi
vnsrl_wv
vnsrl_wx
vncvt_xxw
vor_vi
vor_vv
vor_vx
vcpop_m
vqmacc_vv
vqmacc_vx
vqmaccsu_vv
vqmaccsu_vx
vqmaccu_vv
vqmaccu_vx
vqmaccus_vx
vredand_vs
vredmax_vs
vredmaxu_vs
vredmin_vs
vredminu_vs
vredor_vs
vredsum_vs
vredxor_vs
vrem_vv
vrem_vx
vremu_vv
vremu_vx
vrgather_vi
vrgather_vv
vrgather_vx
vrgatherei16_vv
vrsub_vi
vneg_v
vrsub_vx
vs1r_v
vs2r_v
vs4r_v
vs8r_v
vsadd_vi
vsadd_vv
vsadd_vx
vsaddu_vi
vsaddu_vv
vsaddu_vx
vsbc_vvm
vsbc_vxm
vse1024_v
vsseq2e1024_v
vsseq3e1024_v
vsseq4e1024_v
vsseq5e1024_v
vsseq6e1024_v
vsseq7e1024_v
vsseq8e1024_v
vse128_v
vsseg2e128_v
vsseg3e128_v
vsseg4e128_v
vsseg5e128_v
vsseg6e128_v
vsseg7e128_v
vsseg8e128_v
vse16_v
vsseg2e16_v
vsseg3e16_v
vsseg4e16_v
vsseg5e16_v
vsseg6e16_v
vsseg7e16_v
vsseg8e16_v
vse256_v
vsseg2e256_v
vsseg3e256_v
vsseg4e256_v
vsseg5e256_v
vsseg6e256_v
vsseg7e256_v
vsseg8e256_v
vse32_v
vsseg2e32_v
vsseg3e32_v
vsseg4e32_v
vsseg5e32_v
vsseg6e32_v
vsseg7e32_v
vsseg8e32_v
vse512_v
vsseg2e512_v
vsseg3e512_v
vsseg4e512_v
vsseg5e512_v
vsseg6e512_v
vsseg7e512_v
vsseg8e512_v
vse64_v
vsseg2e64_v
vsseg3e64_v
vsseg4e64_v
vsseg5e64_v
vsseg6e64_v
vsseg7e64_v
vsseg8e64_v
vse8_v
vsseg2e8_v
vsseg3e8_v
vsseg4e8_v
vsseg5e8_v
vsseg6e8_v
vsseg7e8_v
vsseg8e8_v
vsm_v
vsetvl
vsetvli
vsetvli_e8m1tumu
vsetvli_e8m2tumu
vsetvli_e8m4tumu
vsetvli_e8m8tumu
vsetvli_e8mf8tumu
vsetvli_e8mf4tumu
vsetvli_e8mf2tumu
vsetvli_e16m1tumu
vsetvli_e16m2tumu
vsetvli_e16m4tumu
vsetvli_e16m8tumu
vsetvli_e16mf8tumu
vsetvli_e16mf4tumu
vsetvli_e16mf2tumu
vsetvli_e32m1tumu
vsetvli_e32m2tumu
vsetvli_e32m4tumu
vsetvli_e32m8tumu
vsetvli_e32mf8tumu
vsetvli_e32mf4tumu
vsetvli_e32mf2tumu
vsetvli_e64m1tumu
vsetvli_e64m2tumu
vsetvli_e64m4tumu
vsetvli_e64m8tumu
vsetvli_e64mf8tumu
vsetvli_e64mf4tumu
vsetvli_e64mf2tumu
vsetvli_e8m1tamu
vsetvli_e8m2tamu
vsetvli_e8m4tamu
vsetvli_e8m8tamu
vsetvli_e8mf8tamu
vsetvli_e8mf4tamu
vsetvli_e8mf2tamu
vsetvli_e16m1tamu
vsetvli_e16m2tamu
vsetvli_e16m4tamu
vsetvli_e16m8tamu
vsetvli_e16mf8tamu
vsetvli_e16mf4tamu
vsetvli_e16mf2tamu
vsetvli_e32m1tamu
vsetvli_e32m2tamu
vsetvli_e32m4tamu
vsetvli_e32m8tamu
vsetvli_e32mf8tamu
vsetvli_e32mf4tamu
vsetvli_e32mf2tamu
vsetvli_e64m1tamu
vsetvli_e64m2tamu
vsetvli_e64m4tamu
vsetvli_e64m8tamu
vsetvli_e64mf8tamu
vsetvli_e64mf4tamu
vsetvli_e64mf2tamu
vsetvli_e8m1tuma
vsetvli_e8m2tuma
vsetvli_e8m4tuma
vsetvli_e8m8tuma
vsetvli_e8mf8tuma
vsetvli_e8mf4tuma
vsetvli_e8mf2tuma
vsetvli_e16m1tuma
vsetvli_e16m2tuma
vsetvli_e16m4tuma
vsetvli_e16m8tuma
vsetvli_e16mf8tuma
vsetvli_e16mf4tuma
vsetvli_e16mf2tuma
vsetvli_e32m1tuma
vsetvli_e32m2tuma
vsetvli_e32m4tuma
vsetvli_e32m8tuma
vsetvli_e32mf8tuma
vsetvli_e32mf4tuma
vsetvli_e32mf2tuma
vsetvli_e64m1tuma
vsetvli_e64m2tuma
vsetvli_e64m4tuma
vsetvli_e64m8tuma
vsetvli_e64mf8tuma
vsetvli_e64mf4tuma
vsetvli_e64mf2tuma
vsetvli_e8m1tama
vsetvli_e8m2tama
vsetvli_e8m4tama
vsetvli_e8m8tama
vsetvli_e8mf8tama
vsetvli_e8mf4tama
vsetvli_e8mf2tama
vsetvli_e16m1tama
vsetvli_e16m2tama
vsetvli_e16m4tama
vsetvli_e16m8tama
vsetvli_e16mf8tama
vsetvli_e16mf4tama
vsetvli_e16mf2tama
vsetvli_e32m1tama
vsetvli_e32m2tama
vsetvli_e32m4tama
vsetvli_e32m8tama
vsetvli_e32mf8tama
vsetvli_e32mf4tama
vsetvli_e32mf2tama
vsetvli_e64m1tama
vsetvli_e64m2tama
vsetvli_e64m4tama
vsetvli_e64m8tama
vsetvli_e64mf8tama
vsetvli_e64mf4tama
vsetvli_e64mf2tama
vsetivli
vsetivli_e8m1tumu
vsetivli_e8m2tumu
vsetivli_e8m4tumu
vsetivli_e8m8tumu
vsetivli_e8mf8tumu
vsetivli_e8mf4tumu
vsetivli_e8mf2tumu
vsetivli_e16m1tumu
vsetivli_e16m2tumu
vsetivli_e16m4tumu
vsetivli_e16m8tumu
vsetivli_e16mf8tumu
vsetivli_e16mf4tumu
vsetivli_e16mf2tumu
vsetivli_e32m1tumu
vsetivli_e32m2tumu
vsetivli_e32m4tumu
vsetivli_e32m8tumu
vsetivli_e32mf8tumu
vsetivli_e32mf4tumu
vsetivli_e32mf2tumu
vsetivli_e64m1tumu
vsetivli_e64m2tumu
vsetivli_e64m4tumu
vsetivli_e64m8tumu
vsetivli_e64mf8tumu
vsetivli_e64mf4tumu
vsetivli_e64mf2tumu
vsetivli_e8m1tamu
vsetivli_e8m2tamu
vsetivli_e8m4tamu
vsetivli_e8m8tamu
vsetivli_e8mf8tamu
vsetivli_e8mf4tamu
vsetivli_e8mf2tamu
vsetivli_e16m1tamu
vsetivli_e16m2tamu
vsetivli_e16m4tamu
vsetivli_e16m8tamu
vsetivli_e16mf8tamu
vsetivli_e16mf4tamu
vsetivli_e16mf2tamu
vsetivli_e32m1tamu
vsetivli_e32m2tamu
vsetivli_e32m4tamu
vsetivli_e32m8tamu
vsetivli_e32mf8tamu
vsetivli_e32mf4tamu
vsetivli_e32mf2tamu
vsetivli_e64m1tamu
vsetivli_e64m2tamu
vsetivli_e64m4tamu
vsetivli_e64m8tamu
vsetivli_e64mf8tamu
vsetivli_e64mf4tamu
vsetivli_e64mf2tamu
vsetivli_e8m1tuma
vsetivli_e8m2tuma
vsetivli_e8m4tuma
vsetivli_e8m8tuma
vsetivli_e8mf8tuma
vsetivli_e8mf4tuma
vsetivli_e8mf2tuma
vsetivli_e16m1tuma
vsetivli_e16m2tuma
vsetivli_e16m4tuma
vsetivli_e16m8tuma
vsetivli_e16mf8tuma
vsetivli_e16mf4tuma
vsetivli_e16mf2tuma
vsetivli_e32m1tuma
vsetivli_e32m2tuma
vsetivli_e32m4tuma
vsetivli_e32m8tuma
vsetivli_e32mf8tuma
vsetivli_e32mf4tuma
vsetivli_e32mf2tuma
vsetivli_e64m1tuma
vsetivli_e64m2tuma
vsetivli_e64m4tuma
vsetivli_e64m8tuma
vsetivli_e64mf8tuma
vsetivli_e64mf4tuma
vsetivli_e64mf2tuma
vsetivli_e8m1tama
vsetivli_e8m2tama
vsetivli_e8m4tama
vsetivli_e8m8tama
vsetivli_e8mf8tama
vsetivli_e8mf4tama
vsetivli_e8mf2tama
vsetivli_e16m1tama
vsetivli_e16m2tama
vsetivli_e16m4tama
vsetivli_e16m8tama
vsetivli_e16mf8tama
vsetivli_e16mf4tama
vsetivli_e16mf2tama
vsetivli_e32m1tama
vsetivli_e32m2tama
vsetivli_e32m4tama
vsetivli_e32m8tama
vsetivli_e32mf8tama
vsetivli_e32mf4tama
vsetivli_e32mf2tama
vsetivli_e64m1tama
vsetivli_e64m2tama
vsetivli_e64m4tama
vsetivli_e64m8tama
vsetivli_e64mf8tama
vsetivli_e64mf4tama
vsetivli_e64mf2tama
vsext_vf2
vsext_vf4
vsext_vf8
vslide1down_vx
vslide1up_vx
vslidedown_vi
vslidedown_vx
vslideup_vi
vslideup_vx
vsll_vi
vsll_vv
vsll_vx
vsmul_vv
vsmul_vx
vsra_vi
vsra_vv
vsra_vx
vsrl_vi
vsrl_vv
vsrl_vx
vsse1024_v
vssseq2e1024_v
vssseq3e1024_v
vssseq4e1024_v
vssseq5e1024_v
vssseq6e1024_v
vssseq7e1024_v
vssseq8e1024_v
vsse128_v
vssseg2e128_v
vssseg3e128_v
vssseg4e128_v
vssseg5e128_v
vssseg6e128_v
vssseg7e128_v
vssseg8e128_v
vsse16_v
vssseg2e16_v
vssseg3e16_v
vssseg4e16_v
vssseg5e16_v
vssseg6e16_v
vssseg7e16_v
vssseg8e16_v
vsse256_v
vssseg2e256_v
vssseg3e256_v
vssseg4e256_v
vssseg5e256_v
vssseg6e256_v
vssseg7e256_v
vssseg8e256_v
vsse32_v
vssseg2e32_v
vssseg3e32_v
vssseg4e32_v
vssseg5e32_v
vssseg6e32_v
vssseg7e32_v
vssseg8e32_v
vsse512_v
vssseg2e512_v
vssseg3e512_v
vssseg4e512_v
vssseg5e512_v
vssseg6e512_v
vssseg7e512_v
vssseg8e512_v
vsse64_v
vssseg2e64_v
vssseg3e64_v
vssseg4e64_v
vssseg5e64_v
vssseg6e64_v
vssseg7e64_v
vssseg8e64_v
vsse8_v
vssseg2e8_v
vssseg3e8_v
vssseg4e8_v
vssseg5e8_v
vssseg6e8_v
vssseg7e8_v
vssseg8e8_v
vssra_vi
vssra_vv
vssra_vx
vssrl_vi
vssrl_vv
vssrl_vx
vssub_vv
vssub_vx
vssubu_vv
vssubu_vx
vsub_vv
vsub_vx
vsuxei1024_v
vsuxseg2ei1024_v
vsuxseg3ei1024_v
vsuxseg4ei1024_v
vsuxseg5ei1024_v
vsuxseg6ei1024_v
vsuxseg7ei1024_v
vsuxseg8ei1024_v
vsuxei128_v
vsuxseg2ei128_v
vsuxseg3ei128_v
vsuxseg4ei128_v
vsuxseg5ei128_v
vsuxseg6ei128_v
vsuxseg7ei128_v
vsuxseg8ei128_v
vsuxei16_v
vsuxseg2ei16_v
vsuxseg3ei16_v
vsuxseg4ei16_v
vsuxseg5ei16_v
vsuxseg6ei16_v
vsuxseg7ei16_v
vsuxseg8ei16_v
vsuxei256_v
vsuxseg2ei256_v
vsuxseg3ei256_v
vsuxseg4ei256_v
vsuxseg5ei256_v
vsuxseg6ei256_v
vsuxseg7ei256_v
vsuxseg8ei256_v
vsuxei32_v
vsuxseg2ei32_v
vsuxseg3ei32_v
vsuxseg4ei32_v
vsuxseg5ei32_v
vsuxseg6ei32_v
vsuxseg7ei32_v
vsuxseg8ei32_v
vsuxei512_v
vsuxseg2ei512_v
vsuxseg3ei512_v
vsuxseg4ei512_v
vsuxseg5ei512_v
vsuxseg6ei512_v
vsuxseg7ei512_v
vsuxseg8ei512_v
vsuxei64_v
vsuxseg2ei64_v
vsuxseg3ei64_v
vsuxseg4ei64_v
vsuxseg5ei64_v
vsuxseg6ei64_v
vsuxseg7ei64_v
vsuxseg8ei64_v
vsuxei8_v
vsuxseg2ei8_v
vsuxseg3ei8_v
vsuxseg4ei8_v
vsuxseg5ei8_v
vsuxseg6ei8_v
vsuxseg7ei8_v
vsuxseg8ei8_v
vsoxei1024_v
vsoxsege2i1024_v
vsoxseg3ei1024_v
vsoxseg4ei1024_v
vsoxseg5ei1024_v
vsoxseg6ei1024_v
vsoxseg7ei1024_v
vsoxseg8ei1024_v
vsoxei128_v
vsoxseg2ei128_v
vsoxseg3ei128_v
vsoxseg4ei128_v
vsoxseg5ei128_v
vsoxseg6ei128_v
vsoxseg7ei128_v
vsoxseg8ei128_v
vsoxei16_v
vsoxseg2ei16_v
vsoxseg3ei16_v
vsoxseg4ei16_v
vsoxseg5ei16_v
vsoxseg6ei16_v
vsoxseg7ei16_v
vsoxseg8ei16_v
vsoxei256_v
vsoxseg2ei256_v
vsoxseg3ei256_v
vsoxseg4ei256_v
vsoxseg5ei256_v
vsoxseg6ei256_v
vsoxseg7ei256_v
vsoxseg8ei256_v
vsoxei32_v
vsoxseg2ei32_v
vsoxseg3ei32_v
vsoxseg4ei32_v
vsoxseg5ei32_v
vsoxseg6ei32_v
vsoxseg7ei32_v
vsoxseg8ei32_v
vsoxei512_v
vsoxseg2ei512_v
vsoxseg3ei512_v
vsoxseg4ei512_v
vsoxseg5ei512_v
vsoxseg6ei512_v
vsoxseg7ei512_v
vsoxseg8ei512_v
vsoxei64_v
vsoxseg2ei64_v
vsoxseg3ei64_v
vsoxseg4ei64_v
vsoxseg5ei64_v
vsoxseg6ei64_v
vsoxseg7ei64_v
vsoxseg8ei64_v
vsoxei8_v
vsoxseg2ei8_v
vsoxseg3ei8_v
vsoxseg4ei8_v
vsoxseg5ei8_v
vsoxseg6ei8_v
vsoxseg7ei8_v
vsoxseg8ei8_v
vwadd_vv
vwcvt_xxv
vwadd_vx
vwadd_wv
vwadd_wx
vwaddu_vv
vwcvtu_xxv
vwaddu_vx
vwaddu_wv
vwaddu_wx
vwmacc_vv
vwmacc_vx
vwmaccsu_vv
vwmaccsu_vx
vwmaccu_vv
vwmaccu_vx
vwmaccus_vx
vwmul_vv
vwmul_vx
vwmulsu_vv
vwmulsu_vx
vwmulu_vv
vwmulu_vx
vwredsum_vs
vwredsumu_vs
vwsub_vv
vwsub_vx
vwsub_wv
vwsub_wx
vwsubu_vv
vwsubu_vx
vwsubu_wv
vwsubu_wx
vnot_v
vxor_vi
vxor_vv
vxor_vx
vzext_vf2
vzext_vf4
vzext_vf8
aes64ds
aes64dsm
aes64im
aes64ks1i
aes64ks2
loadfp_const
fmin_m
fmax_m
copybitsH
trunc_h
trunc_hu
fmv_x_h
fmv_h_x
fclass_h
aes64es
aes64esm
sha256sig0
sha256sig1
sha256sum0
sha256sum1
sha512sig0h
sha512sig0l
sha512sig1h
sha512sig1l
sha512sum0r
sha512sum1r
sha512sig0
sha512sig1
sha512sum0
sha512sum1
vandn_vv
vandn_vx
vbrev_v
vbrev8_v
vrev8_v
vclz_v
vctz_v
vcpop_v
vrol_vv
vrol_vx
vror_vv
vror_vx
vror_vi
vwsll_vv
vwsll_vx
vwsll_vi
vclmul_vv
vclmul_vx
vclmulh_vv
vclmulh_vx
vaesdf_vv
vaesdf_vs
vaesdm_vv
vaesdm_vs
vaesem_vv
vaesem_vs
vaesef_vv
vaesef_vs
vaeskf1_vi
vaeskf2_vi
vaesz_vs
vsha2ch_vv
vsha2cl_vv
vsha2ms_vv
vghsh_vv
vgmul_vv
vsm3c_vi
vsm3me_vv
vsm4k_vi
vsm4r_vv
vsm4r_vs
custom0
custom0.rs1
custom0.rs1.rs2
custom0.rd
custom0.rd.rs1
custom0.rd.rs1.rs2
custom1
custom1.rs1
custom1.rs1.rs2
custom1.rd
custom1.rd.rs1
custom1.rd.rs1.rs2
custom2
custom2.rs1
custom2.rs1.rs2
custom2.rd
custom2.rd.rs1
custom2.rd.rs1.rs2
custom3
custom3.rs1
custom3.rs1.rs2
custom3.rd
custom3.rd.rs1
custom3.rd.rs1.rs2
